[ 2015-09-22T13:51:50+08:00 ] ::1 /index.php?g=comment&m=comment&a=post
INFO: [ app_begin ] --START--
INFO: Run Behavior\ReadHtmlCacheBehavior [ RunTime:0.001054s ]
INFO: Run Behavior\CheckLangBehavior [ RunTime:0.001219s ]
INFO: [ app_begin ] --END-- [ RunTime:0.003240s ]
SQL: SHOW COLUMNS FROM `tt_users` [ RunTime:0.0188s ]
SQL: SELECT `user_status` FROM `tt_users` WHERE `id` = '1' LIMIT 1   [ RunTime:0.0004s ]
SQL: SHOW COLUMNS FROM `tt_comments` [ RunTime:0.0158s ]
SQL: SELECT `user_login`,`user_email`,`user_nicename` FROM `tt_users` WHERE ( id=1 ) LIMIT 1   [ RunTime:0.0004s ]

[ 2015-09-22T14:42:13+08:00 ] ::1 /index.php?g=comment&m=comment&a=post
INFO: [ app_begin ] --START--
INFO: Run Behavior\ReadHtmlCacheBehavior [ RunTime:0.001674s ]
INFO: Run Behavior\CheckLangBehavior [ RunTime:0.001510s ]
INFO: [ app_begin ] --END-- [ RunTime:0.004287s ]
SQL: SHOW COLUMNS FROM `tt_users` [ RunTime:0.0216s ]
SQL: SELECT `user_status` FROM `tt_users` WHERE `id` = '1' LIMIT 1   [ RunTime:0.0005s ]
SQL: SHOW COLUMNS FROM `tt_comments` [ RunTime:0.0188s ]
SQL: SELECT `user_login`,`user_email`,`user_nicename` FROM `tt_users` WHERE ( id=1 ) LIMIT 1   [ RunTime:0.0004s ]
SQL: SHOW TABLES [ RunTime:0.0012s ]
SQL: INSERT INTO `tt_comments` (`content`,`post_table`,`post_id`,`to_uid`,`parentid`,`url`,`uid`,`full_name`,`email`,`status`,`createtime`) VALUES ('打算','posts','18','0','0','index.php?g=&amp;m=article&amp;a=index&amp;id=18','1','admin','8888@qq.com','1','2015-09-22 14:42:13') [ RunTime:0.0008s ]
SQL: UPDATE `tt_comments` SET `path`='0-6' WHERE ( id=6 ) [ RunTime:0.0004s ]
SQL: SHOW COLUMNS FROM `tt_posts` [ RunTime:0.0155s ]
SQL: UPDATE `tt_posts` SET `comment_count`=comment_count+1 WHERE `id` = 18 [ RunTime:0.0006s ]
NOTIC: [8] Undefined index: url D:\WWW\4452\application\Common\Controller\AppframeController.class.php 第 45 行.

[ 2015-09-22T16:20:14+08:00 ] ::1 /index.php?g=comment&m=comment&a=post
INFO: [ app_begin ] --START--
INFO: Run Behavior\ReadHtmlCacheBehavior [ RunTime:0.001020s ]
INFO: Run Behavior\CheckLangBehavior [ RunTime:0.001230s ]
INFO: [ app_begin ] --END-- [ RunTime:0.003224s ]
SQL: SHOW COLUMNS FROM `tt_users` [ RunTime:0.0164s ]
SQL: SELECT `user_status` FROM `tt_users` WHERE `id` = '1' LIMIT 1   [ RunTime:0.0004s ]
SQL: SHOW COLUMNS FROM `tt_comments` [ RunTime:0.0140s ]
SQL: SELECT `user_login`,`user_email`,`user_nicename` FROM `tt_users` WHERE ( id=1 ) LIMIT 1   [ RunTime:0.0004s ]
SQL: SHOW TABLES [ RunTime:0.0012s ]
SQL: INSERT INTO `tt_comments` (`content`,`post_table`,`post_id`,`to_uid`,`parentid`,`url`,`uid`,`full_name`,`email`,`status`,`createtime`) VALUES ('大地方上覆盖和进口量','posts','18','0','0','index.php?g=&amp;m=article&amp;a=index&amp;id=18','1','admin','8888@qq.com','1','2015-09-22 16:20:14') [ RunTime:0.0007s ]
SQL: UPDATE `tt_comments` SET `path`='0-7' WHERE ( id=7 ) [ RunTime:0.0004s ]
SQL: SHOW COLUMNS FROM `tt_posts` [ RunTime:0.0137s ]
SQL: UPDATE `tt_posts` SET `comment_count`=comment_count+1 WHERE `id` = 18 [ RunTime:0.0005s ]
NOTIC: [8] Undefined index: url D:\WWW\4452\application\Common\Controller\AppframeController.class.php 第 45 行.

[ 2015-09-22T16:20:18+08:00 ] ::1 /index.php?g=comment&m=comment&a=post
INFO: [ app_begin ] --START--
INFO: Run Behavior\ReadHtmlCacheBehavior [ RunTime:0.000979s ]
INFO: Run Behavior\CheckLangBehavior [ RunTime:0.001421s ]
INFO: [ app_begin ] --END-- [ RunTime:0.003346s ]
SQL: SHOW COLUMNS FROM `tt_users` [ RunTime:0.0121s ]
SQL: SELECT `user_status` FROM `tt_users` WHERE `id` = '1' LIMIT 1   [ RunTime:0.0005s ]
SQL: SHOW COLUMNS FROM `tt_comments` [ RunTime:0.0143s ]
SQL: SELECT `user_login`,`user_email`,`user_nicename` FROM `tt_users` WHERE ( id=1 ) LIMIT 1   [ RunTime:0.0005s ]
SQL: SHOW TABLES [ RunTime:0.0011s ]

